[    0.000000] Initializing cgroup subsys cpuset
[    0.000000] Initializing cgroup subsys cpu
[    0.000000] Initializing cgroup subsys cpuacct
[    0.000000] Linux version 4.4.0-145-generic (buildd@lcy01-amd64-027) (gcc version 5.4.0 20160609 (Ubuntu 5.4.0-6ubuntu1~16.04.10) ) #171-Ubuntu SMP Tue Mar 26 12:43:40 UTC 2019 (Ubuntu 4.4.0-145.171-generic 4.4.176)
[    0.000000] Command line: BOOT_IMAGE=/boot/vmlinuz-4.4.0-145-generic root=LABEL=cloudimg-rootfs ro console=tty1 console=ttyS0
[    0.000000] KERNEL supported cpus:
[    0.000000]   Intel GenuineIntel
[    0.000000]   AMD AuthenticAMD
[    0.000000]   Centaur CentaurHauls
[    0.000000] x86/fpu: xstate_offset[2]:  576, xstate_sizes[2]:  256
[    0.000000] x86/fpu: Supporting XSAVE feature 0x01: 'x87 floating point registers'
[    0.000000] x86/fpu: Supporting XSAVE feature 0x02: 'SSE registers'
[    0.000000] x86/fpu: Supporting XSAVE feature 0x04: 'AVX registers'
[    0.000000] x86/fpu: Enabled xstate features 0x7, context size is 832 bytes, using 'standard' format.
[    0.000000] e820: BIOS-provided physical RAM map:
[    0.000000] BIOS-e820: [mem 0x0000000000000000-0x000000000009fbff] usable
[    0.000000] BIOS-e820: [mem 0x000000000009fc00-0x000000000009ffff] reserved
[    0.000000] BIOS-e820: [mem 0x00000000000f0000-0x00000000000fffff] reserved
[    0.000000] BIOS-e820: [mem 0x0000000000100000-0x000000003ffeffff] usable
[    0.000000] BIOS-e820: [mem 0x000000003fff0000-0x000000003fffffff] ACPI data
[    0.000000] BIOS-e820: [mem 0x00000000fec00000-0x00000000fec00fff] reserved
[    0.000000] BIOS-e820: [mem 0x00000000fee00000-0x00000000fee00fff] reserved
[    0.000000] BIOS-e820: [mem 0x00000000fffc0000-0x00000000ffffffff] reserved
[    0.000000] NX (Execute Disable) protection: active
[    0.000000] SMBIOS 2.5 present.
[    0.000000] Hypervisor detected: KVM
[    0.000000] e820: last_pfn = 0x3fff0 max_arch_pfn = 0x400000000
[    0.000000] MTRR: Disabled
[    0.000000] x86/PAT: MTRRs disabled, skipping PAT initialization too.
[    0.000000] CPU MTRRs all blank - virtualized system.
[    0.000000] x86/PAT: Configuration [0-7]: WB  WT  UC- UC  WB  WT  UC- UC  
[    0.000000] found SMP MP-table at [mem 0x0009fff0-0x0009ffff] mapped at [ffff88000009fff0]
[    0.000000] Scanning 1 areas for low memory corruption
[    0.000000] RAMDISK: [mem 0x362fc000-0x37175fff]
[    0.000000] ACPI: Early table checksum verification disabled
[    0.000000] ACPI: RSDP 0x00000000000E0000 000024 (v02 VBOX  )
[    0.000000] ACPI: XSDT 0x000000003FFF0030 00003C (v01 VBOX   VBOXXSDT 00000001 ASL  00000061)
[    0.000000] ACPI: FACP 0x000000003FFF00F0 0000F4 (v04 VBOX   VBOXFACP 00000001 ASL  00000061)
[    0.000000] ACPI: DSDT 0x000000003FFF0470 0022EA (v02 VBOX   VBOXBIOS 00000002 INTL 20100528)
[    0.000000] ACPI: FACS 0x000000003FFF0200 000040
[    0.000000] ACPI: FACS 0x000000003FFF0200 000040
[    0.000000] ACPI: APIC 0x000000003FFF0240 00005C (v02 VBOX   VBOXAPIC 00000001 ASL  00000061)
[    0.000000] ACPI: SSDT 0x000000003FFF02A0 0001CC (v01 VBOX   VBOXCPUT 00000002 INTL 20100528)
[    0.000000] No NUMA configuration found
[    0.000000] Faking a node at [mem 0x0000000000000000-0x000000003ffeffff]
[    0.000000] NODE_DATA(0) allocated [mem 0x3ffeb000-0x3ffeffff]
[    0.000000] kvm-clock: Using msrs 4b564d01 and 4b564d00
[    0.000000] kvm-clock: cpu 0, msr 0:3ffe3001, primary cpu clock
[    0.000000] kvm-clock: using sched offset of 3957408541 cycles
[    0.000000] clocksource: kvm-clock: mask: 0xffffffffffffffff max_cycles: 0x1cd42e4dffb, max_idle_ns: 881590591483 ns
[    0.000000] Zone ranges:
[    0.000000]   DMA      [mem 0x0000000000001000-0x0000000000ffffff]
[    0.000000]   DMA32    [mem 0x0000000001000000-0x000000003ffeffff]
[    0.000000]   Normal   empty
[    0.000000]   Device   empty
[    0.000000] Movable zone start for each node
[    0.000000] Early memory node ranges
[    0.000000]   node   0: [mem 0x0000000000001000-0x000000000009efff]
[    0.000000]   node   0: [mem 0x0000000000100000-0x000000003ffeffff]
[    0.000000] Initmem setup node 0 [mem 0x0000000000001000-0x000000003ffeffff]
[    0.000000] ACPI: PM-Timer IO Port: 0x4008
[    0.000000] IOAPIC[0]: apic_id 2, version 32, address 0xfec00000, GSI 0-23
[    0.000000] ACPI: INT_SRC_OVR (bus 0 bus_irq 0 global_irq 2 dfl dfl)
[    0.000000] ACPI: INT_SRC_OVR (bus 0 bus_irq 9 global_irq 9 low level)
[    0.000000] Using ACPI (MADT) for SMP configuration information
[    0.000000] smpboot: Allowing 2 CPUs, 0 hotplug CPUs
[    0.000000] PM: Registered nosave memory: [mem 0x00000000-0x00000fff]
[    0.000000] PM: Registered nosave memory: [mem 0x0009f000-0x0009ffff]
[    0.000000] PM: Registered nosave memory: [mem 0x000a0000-0x000effff]
[    0.000000] PM: Registered nosave memory: [mem 0x000f0000-0x000fffff]
[    0.000000] e820: [mem 0x40000000-0xfebfffff] available for PCI devices
[    0.000000] Booting paravirtualized kernel on KVM
[    0.000000] clocksource: refined-jiffies: mask: 0xffffffff max_cycles: 0xffffffff, max_idle_ns: 7645519600211568 ns
[    0.000000] setup_percpu: NR_CPUS:512 nr_cpumask_bits:512 nr_cpu_ids:2 nr_node_ids:1
[    0.000000] PERCPU: Embedded 34 pages/cpu @ffff88003fc00000 s99480 r8192 d31592 u1048576
[    0.000000] Built 1 zonelists in Node order, mobility grouping on.  Total pages: 257912
[    0.000000] Policy zone: DMA32
[    0.000000] Kernel command line: BOOT_IMAGE=/boot/vmlinuz-4.4.0-145-generic root=LABEL=cloudimg-rootfs ro console=tty1 console=ttyS0
[    0.000000] PID hash table entries: 4096 (order: 3, 32768 bytes)
[    0.000000] Memory: 997736K/1048120K available (8608K kernel code, 1333K rwdata, 4008K rodata, 1484K init, 1284K bss, 50384K reserved, 0K cma-reserved)
[    0.000000] SLUB: HWalign=64, Order=0-3, MinObjects=0, CPUs=2, Nodes=1
[    0.000000] Kernel/User page tables isolation: enabled
[    0.000000] Hierarchical RCU implementation.
[    0.000000] 	Build-time adjustment of leaf fanout to 64.
[    0.000000] 	RCU restricting CPUs from NR_CPUS=512 to nr_cpu_ids=2.
[    0.000000] RCU: Adjusting geometry for rcu_fanout_leaf=64, nr_cpu_ids=2
[    0.000000] NR_IRQS:33024 nr_irqs:440 16
[    0.000000] Console: colour VGA+ 80x25
[    0.000000] console [tty1] enabled
[    0.000000] console [ttyS0] enabled
[    0.000000] tsc: Detected 2494.226 MHz processor
[    0.204467] Calibrating delay loop (skipped) preset value.. 4988.45 BogoMIPS (lpj=9976904)
[    0.207543] pid_max: default: 32768 minimum: 301
[    0.210444] ACPI: Core revision 20150930
[    0.212791] ACPI: 2 ACPI AML tables successfully acquired and loaded
[    0.215074] Security Framework initialized
[    0.216894] Yama: becoming mindful.
[    0.218042] AppArmor: AppArmor initialized
[    0.219607] Dentry cache hash table entries: 131072 (order: 8, 1048576 bytes)
[    0.224144] Inode-cache hash table entries: 65536 (order: 7, 524288 bytes)
[    0.228066] Mount-cache hash table entries: 2048 (order: 2, 16384 bytes)
[    0.230095] Mountpoint-cache hash table entries: 2048 (order: 2, 16384 bytes)
[    0.232042] Initializing cgroup subsys io
[    0.233266] Initializing cgroup subsys memory
[    0.234423] Initializing cgroup subsys devices
[    0.235564] Initializing cgroup subsys freezer
[    0.236683] Initializing cgroup subsys net_cls
[    0.237785] Initializing cgroup subsys perf_event
[    0.239302] Initializing cgroup subsys net_prio
[    0.241414] Initializing cgroup subsys hugetlb
[    0.243051] Initializing cgroup subsys pids
[    0.245381] mce: CPU supports 0 MCE banks
[    0.246431] Last level iTLB entries: 4KB 1024, 2MB 1024, 4MB 1024
[    0.247904] Last level dTLB entries: 4KB 1024, 2MB 1024, 4MB 1024, 1GB 4
[    0.249819] Spectre V2 : Mitigation: Full generic retpoline
[    0.251143] Spectre V2 : Spectre v2 / SpectreRSB mitigation: Filling RSB on context switch
[    0.253416] Speculative Store Bypass: Vulnerable
[    0.258742] Freeing SMP alternatives memory: 36K
[    0.266881] ftrace: allocating 32283 entries in 127 pages
[    0.328582] smpboot: APIC(0) Converting physical 0 to logical package 0
[    0.330442] smpboot: Max logical packages: 1
[    0.331741] x2apic enabled
[    0.332734] Switched APIC routing to physical x2apic.
[    0.335110] ..TIMER: vector=0x30 apic1=0 pin1=2 apic2=-1 pin2=-1
[    0.443904] smpboot: CPU0: Intel(R) Core(TM) i7-4870HQ CPU @ 2.50GHz (family: 0x6, model: 0x46, stepping: 0x1)
[    0.447349] Performance Events: unsupported p6 CPU model 70 no PMU driver, software events only.
[    0.459487] KVM setup paravirtual spinlock
[    0.462205] x86: Booting SMP configuration:
[    0.463696] .... node  #0, CPUs:      #1
[    0.465612] kvm-clock: cpu 1, msr 0:3ffe3041, secondary cpu clock
[    0.469284] mce: CPU supports 0 MCE banks
[    0.472876] x86: Booted up 1 node, 2 CPUs
[    0.474701] smpboot: Total of 2 processors activated (9976.90 BogoMIPS)
[    0.477960] devtmpfs: initialized
[    0.480354] evm: security.selinux
[    0.481248] evm: security.SMACK64
[    0.482159] evm: security.SMACK64EXEC
[    0.483107] evm: security.SMACK64TRANSMUTE
[    0.484310] evm: security.SMACK64MMAP
[    0.485522] evm: security.ima
[    0.486368] evm: security.capability
[    0.487544] clocksource: jiffies: mask: 0xffffffff max_cycles: 0xffffffff, max_idle_ns: 7645041785100000 ns
[    0.490325] futex hash table entries: 512 (order: 3, 32768 bytes)
[    0.491939] pinctrl core: initialized pinctrl subsystem
[    0.493495] RTC time: 12:03:55, date: 05/31/19
[    0.494983] NET: Registered protocol family 16
[    0.511368] cpuidle: using governor ladder
[    0.522964] cpuidle: using governor menu
[    0.525091] PCCT header not found.
[    0.527501] ACPI: bus type PCI registered
[    0.529334] acpiphp: ACPI Hot Plug PCI Controller Driver version: 0.5
[    0.531060] PCI: Using configuration type 1 for base access
[    0.545049] ACPI: Added _OSI(Module Device)
[    0.546607] ACPI: Added _OSI(Processor Device)
[    0.548197] ACPI: Added _OSI(3.0 _SCP Extensions)
[    0.549423] ACPI: Added _OSI(Processor Aggregator Device)
[    0.551689] ACPI: Executed 1 blocks of module-level executable AML code
[    0.555124] ACPI: Interpreter enabled
[    0.557020] ACPI: (supports S0 S5)
[    0.558859] ACPI: Using IOAPIC for interrupt routing
[    0.561607] PCI: Using host bridge windows from ACPI; if necessary, use "pci=nocrs" and report a bug
[    0.573614] ACPI: PCI Root Bridge [PCI0] (domain 0000 [bus 00-ff])
[    0.576473] acpi PNP0A03:00: _OSC: OS supports [ASPM ClockPM Segments MSI]
[    0.579841] acpi PNP0A03:00: _OSC: not requesting OS control; OS requires [ExtendedConfig ASPM ClockPM MSI]
[    0.582299] acpi PNP0A03:00: fail to add MMCONFIG information, can't access extended PCI configuration space under this bridge.
[    0.585955] PCI host bridge to bus 0000:00
[    0.587528] pci_bus 0000:00: root bus resource [io  0x0000-0x0cf7 window]
[    0.589882] pci_bus 0000:00: root bus resource [io  0x0d00-0xffff window]
[    0.592095] pci_bus 0000:00: root bus resource [mem 0x000a0000-0x000bffff window]
[    0.595109] pci_bus 0000:00: root bus resource [mem 0x40000000-0xfdffffff window]
[    0.597644] pci_bus 0000:00: root bus resource [bus 00-ff]
[    0.603102] pci 0000:00:01.1: legacy IDE quirk: reg 0x10: [io  0x01f0-0x01f7]
[    0.605654] pci 0000:00:01.1: legacy IDE quirk: reg 0x14: [io  0x03f6]
[    0.609078] pci 0000:00:01.1: legacy IDE quirk: reg 0x18: [io  0x0170-0x0177]
[    0.613101] pci 0000:00:01.1: legacy IDE quirk: reg 0x1c: [io  0x0376]
[    0.636272] pci 0000:00:07.0: quirk: [io  0x4000-0x403f] claimed by PIIX4 ACPI
[    0.639246] pci 0000:00:07.0: quirk: [io  0x4100-0x410f] claimed by PIIX4 SMB
[    0.668546] ACPI: PCI Interrupt Link [LNKA] (IRQs 5 9 10 *11)
[    0.672833] ACPI: PCI Interrupt Link [LNKB] (IRQs 5 9 *10 11)
[    0.676949] ACPI: PCI Interrupt Link [LNKC] (IRQs 5 *9 10 11)
[    0.680118] ACPI: PCI Interrupt Link [LNKD] (IRQs 5 9 10 *11)
[    0.682327] ACPI: Enabled 2 GPEs in block 00 to 07
[    0.683988] vgaarb: setting as boot device: PCI:0000:00:02.0
[    0.685418] vgaarb: device added: PCI:0000:00:02.0,decodes=io+mem,owns=io+mem,locks=none
[    0.688021] vgaarb: loaded
[    0.689647] vgaarb: bridge control possible 0000:00:02.0
[    0.691639] SCSI subsystem initialized
[    0.693483] ACPI: bus type USB registered
[    0.694832] usbcore: registered new interface driver usbfs
[    0.696354] usbcore: registered new interface driver hub
[    0.698018] usbcore: registered new device driver usb
[    0.699485] PCI: Using ACPI for IRQ routing
[    0.701060] NetLabel: Initializing
[    0.701991] NetLabel:  domain hash size = 128
[    0.703099] NetLabel:  protocols = UNLABELED CIPSOv4
[    0.705806] NetLabel:  unlabeled traffic allowed by default
[    0.709542] amd_nb: Cannot enumerate AMD northbridges
[    0.712897] clocksource: Switched to clocksource kvm-clock
[    0.726351] AppArmor: AppArmor Filesystem Enabled
[    0.728419] pnp: PnP ACPI init
[    0.730898] pnp: PnP ACPI: found 3 devices
[    0.741169] clocksource: acpi_pm: mask: 0xffffff max_cycles: 0xffffff, max_idle_ns: 2085701024 ns
[    0.743640] NET: Registered protocol family 2
[    0.745346] TCP established hash table entries: 8192 (order: 4, 65536 bytes)
[    0.746982] TCP bind hash table entries: 8192 (order: 5, 131072 bytes)
[    0.748517] TCP: Hash tables configured (established 8192 bind 8192)
[    0.750118] UDP hash table entries: 512 (order: 2, 16384 bytes)
[    0.751734] UDP-Lite hash table entries: 512 (order: 2, 16384 bytes)
[    0.753497] NET: Registered protocol family 1
[    0.754623] pci 0000:00:00.0: Limiting direct PCI/PCI transfers
[    0.756147] pci 0000:00:01.0: Activating ISA DMA hang workarounds
[    0.759819] Unpacking initramfs...
[    0.987303] Freeing initrd memory: 14824K
[    0.989313] platform rtc_cmos: registered platform RTC device (no PNP device found)
[    0.991924] Scanning for low memory corruption every 60 seconds
[    0.994384] audit: initializing netlink subsys (disabled)
[    0.996533] audit: type=2000 audit(1559304240.934:1): initialized
[    0.998681] Initialise system trusted keyring
[    1.000349] HugeTLB registered 2 MB page size, pre-allocated 0 pages
[    1.003390] zbud: loaded
[    1.004856] VFS: Disk quotas dquot_6.6.0
[    1.007408] VFS: Dquot-cache hash table entries: 512 (order 0, 4096 bytes)
[    1.011079] squashfs: version 4.0 (2009/01/31) Phillip Lougher
[    1.013489] fuse init (API version 7.23)
[    1.015444] Key type big_key registered
[    1.016905] Allocating IMA MOK and blacklist keyrings.
[    1.020652] Key type asymmetric registered
[    1.023418] Asymmetric key parser 'x509' registered
[    1.026046] Block layer SCSI generic (bsg) driver version 0.4 loaded (major 249)
[    1.029260] io scheduler noop registered
[    1.030276] io scheduler deadline registered (default)
[    1.031597] io scheduler cfq registered
[    1.032711] pci_hotplug: PCI Hot Plug PCI Core version: 0.5
[    1.034158] pciehp: PCI Express Hot Plug Controller Driver version: 0.4
[    1.036230] ACPI: AC Adapter [AC] (on-line)
[    1.037395] input: Power Button as /devices/LNXSYSTM:00/LNXPWRBN:00/input/input0
[    1.040033] ACPI: Power Button [PWRF]
[    1.041595] input: Sleep Button as /devices/LNXSYSTM:00/LNXSLPBN:00/input/input1
[    1.044503] ACPI: Sleep Button [SLPF]
[    1.047072] ACPI: Battery Slot [BAT0] (battery present)
[    1.048383] GHES: HEST is not enabled!
[    1.049728] Serial: 8250/16550 driver, 32 ports, IRQ sharing enabled
[    1.072280] 00:02: ttyS0 at I/O 0x3f8 (irq = 4, base_baud = 115200) is a 16550A
[    1.077631] Linux agpgart interface v0.103
[    1.081296] loop: module loaded
[    1.082893] scsi host0: ata_piix
[    1.084212] scsi host1: ata_piix
[    1.085344] ata1: PATA max UDMA/33 cmd 0x1f0 ctl 0x3f6 bmdma 0xd000 irq 14
[    1.086971] ata2: PATA max UDMA/33 cmd 0x170 ctl 0x376 bmdma 0xd008 irq 15
[    1.089166] libphy: Fixed MDIO Bus: probed
[    1.090718] tun: Universal TUN/TAP device driver, 1.6
[    1.092876] tun: (C) 1999-2004 Max Krasnyansky <maxk@qualcomm.com>
[    1.094542] PPP generic driver version 2.4.2
[    1.095708] ehci_hcd: USB 2.0 'Enhanced' Host Controller (EHCI) Driver
[    1.097673] ehci-pci: EHCI PCI platform driver
[    1.098810] ehci-platform: EHCI generic platform driver
[    1.100090] ohci_hcd: USB 1.1 'Open' Host Controller (OHCI) Driver
[    1.101584] ohci-pci: OHCI PCI platform driver
[    1.102838] ohci-platform: OHCI generic platform driver
[    1.104122] uhci_hcd: USB Universal Host Controller Interface driver
[    1.106572] i8042: PNP: PS/2 Controller [PNP0303:PS2K,PNP0f03:PS2M] at 0x60,0x64 irq 1,12
[    1.111638] serio: i8042 KBD port at 0x60,0x64 irq 1
[    1.113957] serio: i8042 AUX port at 0x60,0x64 irq 12
[    1.115911] mousedev: PS/2 mouse device common for all mice
[    1.118419] rtc_cmos rtc_cmos: rtc core: registered rtc_cmos as rtc0
[    1.121843] input: AT Translated Set 2 keyboard as /devices/platform/i8042/serio0/input/input2
[    1.126018] rtc_cmos rtc_cmos: alarms up to one day, 114 bytes nvram
[    1.129380] i2c /dev entries driver
[    1.130368] device-mapper: uevent: version 1.0.3
[    1.131647] device-mapper: ioctl: 4.34.0-ioctl (2015-10-28) initialised: dm-devel@redhat.com
[    1.134070] ledtrig-cpu: registered to indicate activity on CPUs
[    1.136024] NET: Registered protocol family 10
[    1.137754] NET: Registered protocol family 17
[    1.138981] Key type dns_resolver registered
[    1.141013] registered taskstats version 1
[    1.142081] Loading compiled-in X.509 certificates
[    1.144172] Loaded X.509 cert 'Build time autogenerated kernel key: 766cb56454e39ea623681e1efb4bf4db48a2396c'
[    1.146980] zswap: loaded using pool lzo/zbud
[    1.149688] Key type trusted registered
[    1.153193] Key type encrypted registered
[    1.154329] AppArmor: AppArmor sha1 policy hashing enabled
[    1.155829] ima: No TPM chip found, activating TPM-bypass!
[    1.158654] ima: Allocated hash algorithm: sha1
[    1.160662] evm: HMAC attrs: 0x1
[    1.162712]   Magic number: 3:110:78
[    1.164137] rtc_cmos rtc_cmos: setting system clock to 2019-05-31 12:03:56 UTC (1559304236)
[    1.167461] BIOS EDD facility v0.16 2004-Jun-25, 0 devices found
[    1.170487] EDD information not available.
[    1.247121] Freeing unused kernel memory: 1484K
[    1.249036] Write protecting the kernel read-only data: 14336k
[    1.251538] Freeing unused kernel memory: 1620K
[    1.253385] Freeing unused kernel memory: 88K
Loading, please wait...
starting version 229
[    1.269480] random: systemd-udevd: uninitialized urandom read (16 bytes read, 2 bits of entropy available)
[    1.270786] random: udevadm: uninitialized urandom read (16 bytes read, 2 bits of entropy available)
[    1.270812] random: udevadm: uninitialized urandom read (16 bytes read, 2 bits of entropy available)
[    1.281318] random: udevadm: uninitialized urandom read (16 bytes read, 2 bits of entropy available)
[    1.281408] random: systemd-udevd: uninitialized urandom read (16 bytes read, 2 bits of entropy available)
[    1.281418] random: systemd-udevd: uninitialized urandom read (16 bytes read, 2 bits of entropy available)
[    1.281428] random: systemd-udevd: uninitialized urandom read (16 bytes read, 2 bits of entropy available)
[    1.282029] random: systemd-udevd: uninitialized urandom read (16 bytes read, 2 bits of entropy available)
[    1.282041] random: systemd-udevd: uninitialized urandom read (16 bytes read, 2 bits of entropy available)
[    1.282046] random: systemd-udevd: uninitialized urandom read (16 bytes read, 2 bits of entropy available)
[    1.328873] e1000: Intel(R) PRO/1000 Network Driver - version 7.3.21-k8-NAPI
[    1.330628] e1000: Copyright (c) 1999-2006 Intel Corporation.
[    1.332523] Fusion MPT base driver 3.04.20
[    1.333772] Copyright (c) 1999-2008 LSI Corporation
[    1.345058] Fusion MPT SPI Host driver 3.04.20
[    1.367164] AVX2 version of gcm_enc/dec engaged.
[    1.369326] AES CTR mode by8 optimization enabled
[    1.548613] input: ImExPS/2 Generic Explorer Mouse as /devices/platform/i8042/serio1/input/input4
